{
  "RSpec": {
    "coverage": {
      "/Users/raphaelcosta/github/Cenize/braspag-pagador/lib/braspag-pagador.rb": [
        1,
        1,
        1,
        1,
        1,
        1,
        1,
        1,
        1,
        1,
        null,
        1,
        1,
        1,
        1,
        1,
        1,
        null,
        1,
        1,
        null,
        1,
        1,
        1,
        1,
        null,
        null,
        1,
        1,
        null,
        1,
        null,
        null,
        null,
        null,
        null,
        null,
        null,
        null,
        1,
        null,
        null,
        null,
        null,
        null,
        null,
        1,
        null,
        null,
        null,
        null,
        null,
        null,
        null,
        null,
        null,
        null,
        null,
        null,
        null,
        null,
        null,
        null,
        null,
        null,
        null,
        null,
        null,
        null,
        null,
        null,
        null,
        null,
        null,
        null,
        null,
        null,
        null,
        null,
        null,
        null,
        null,
        null,
        null,
        null,
        null,
        null,
        null,
        null,
        null,
        null,
        null,
        null,
        null,
        null,
        null
      ],
      "/Users/raphaelcosta/github/Cenize/braspag-pagador/lib/braspag-pagador/core/converter.rb": [
        1,
        1,
        1,
        null,
        15,
        null,
        null,
        1,
        19,
        null,
        16,
        null,
        3,
        null,
        null,
        null,
        null,
        1,
        14,
        null,
        14,
        115,
        97,
        null,
        97,
        null,
        97,
        36,
        null,
        61,
        61,
        61,
        null,
        null,
        null,
        18,
        null,
        null,
        null,
        14,
        null,
        null,
        1,
        4,
        null,
        null,
        1,
        8,
        8,
        6,
        3,
        3,
        1,
        null,
        2,
        null,
        null,
        null,
        1,
        4,
        null,
        null,
        null
      ],
      "/Users/raphaelcosta/github/Cenize/braspag-pagador/lib/braspag-pagador/core/connection.rb": [
        1,
        1,
        null,
        1,
        1,
        null,
        1,
        1,
        null,
        null,
        1,
        1,
        null,
        1,
        null,
        1,
        69,
        69,
        69,
        68,
        null,
        66,
        66,
        66,
        66,
        null,
        null,
        1,
        89,
        null,
        null,
        1,
        21,
        null,
        null,
        1,
        29,
        29,
        null,
        29,
        12,
        null,
        17,
        null,
        null,
        29,
        null,
        2,
        null,
        2,
        null,
        2,
        null,
        2,
        null,
        6,
        null,
        2,
        null,
        2,
        null,
        3,
        null,
        2,
        null,
        2,
        null,
        2,
        null,
        2,
        null,
        null,
        null,
        1,
        1,
        null,
        null,
        null,
        null,
        null,
        null,
        null,
        1,
        null,
        null,
        1,
        0,
        0,
        null,
        0,
        null,
        0,
        null,
        0,
        null,
        null,
        1,
        12,
        null,
        6,
        null,
        1,
        null,
        1,
        null,
        3,
        null,
        1,
        null,
        null,
        12,
        null,
        null,
        null
      ],
      "/Users/raphaelcosta/github/Cenize/braspag-pagador/lib/braspag-pagador/core/poster.rb": [
        1,
        1,
        1,
        7,
        7,
        null,
        null,
        1,
        6,
        6,
        6,
        0,
        null,
        null,
        6,
        6,
        null,
        null,
        null,
        1,
        null,
        1,
        6,
        3,
        3,
        3,
        null,
        3,
        null,
        6,
        null,
        null,
        1,
        3,
        3,
        3,
        3,
        null,
        null,
        null
      ],
      "/Users/raphaelcosta/github/Cenize/braspag-pagador/lib/braspag-pagador/core/customer.rb": [
        1,
        1,
        1,
        null,
        1,
        null,
        1,
        5,
        5,
        5,
        null,
        null,
        null
      ],
      "/Users/raphaelcosta/github/Cenize/braspag-pagador/lib/braspag-pagador/core/order.rb": [
        1,
        1,
        1,
        6,
        null,
        null,
        6,
        null,
        null,
        null,
        null,
        null,
        3,
        null,
        null,
        3,
        null,
        1,
        null,
        1,
        null,
        null,
        3,
        null,
        null,
        null,
        null,
        null,
        null,
        1,
        1,
        null,
        1,
        1,
        126,
        126,
        null,
        null,
        null,
        null,
        1,
        1,
        126,
        54,
        null,
        null,
        null,
        null,
        1,
        1,
        99,
        96,
        null,
        null,
        null,
        null,
        1,
        1,
        1,
        1,
        1,
        1,
        null,
        1,
        6,
        6,
        6,
        null,
        null,
        1,
        4,
        4,
        null,
        4,
        4,
        null,
        4,
        4,
        null,
        null,
        1,
        3,
        3,
        3,
        3,
        3,
        null,
        null,
        1,
        99,
        null,
        null,
        3,
        null,
        96,
        null,
        null,
        null,
        1,
        4,
        null,
        null,
        1,
        2,
        null,
        null,
        1,
        2,
        null,
        null,
        1,
        1,
        null,
        null,
        1,
        null,
        null,
        null,
        1,
        null,
        null,
        1,
        3,
        null,
        null,
        null,
        null,
        null,
        null,
        null,
        null,
        null,
        3,
        3,
        null,
        2,
        null,
        null,
        null,
        3,
        3,
        null,
        2,
        null,
        null,
        null,
        3,
        3,
        null,
        2,
        null,
        null,
        null,
        null,
        null,
        null,
        3,
        3,
        3,
        3,
        3,
        3,
        3,
        3,
        3,
        3,
        3,
        null,
        3,
        null,
        null,
        1,
        null,
        null,
        null,
        1,
        null,
        null,
        1,
        1,
        null,
        null,
        null,
        null,
        null,
        null,
        null,
        null,
        null,
        null,
        null,
        1,
        null,
        1,
        1,
        1,
        1,
        1,
        1,
        1,
        1,
        null,
        1,
        null,
        null,
        1,
        null,
        null,
        null,
        1,
        null,
        null,
        1,
        2,
        null,
        null,
        null,
        null,
        null,
        2,
        2,
        null,
        1,
        null,
        null,
        null,
        2,
        2,
        null,
        1,
        null,
        null,
        null,
        null,
        null,
        null,
        null,
        null,
        null,
        null,
        2,
        2,
        null,
        1,
        null,
        null,
        null,
        null,
        2,
        2,
        null,
        2,
        2,
        2,
        null,
        2,
        2,
        null,
        2,
        null,
        2,
        2,
        2,
        2,
        2,
        2,
        2,
        null,
        2,
        null,
        null,
        1,
        1,
        168,
        null,
        null,
        null,
        null,
        null,
        null,
        108,
        null,
        null,
        null,
        null,
        null
      ],
      "/Users/raphaelcosta/github/Cenize/braspag-pagador/lib/braspag-pagador/crypto/no_crypto.rb": [
        1,
        1,
        1,
        null,
        null,
        null
      ],
      "/Users/raphaelcosta/github/Cenize/braspag-pagador/lib/braspag-pagador/crypto/webservice.rb": [
        1,
        1,
        1,
        1,
        4,
        null,
        4,
        null,
        null,
        null,
        null,
        null,
        null,
        null,
        null,
        4,
        null,
        4,
        null,
        null,
        3,
        null,
        3,
        2,
        null,
        1,
        null,
        null,
        1,
        3,
        null,
        3,
        null,
        null,
        null,
        null,
        null,
        null,
        null,
        null,
        3,
        3,
        null,
        2,
        null,
        2,
        2,
        null,
        1,
        null,
        null,
        1,
        1,
        1,
        1,
        11,
        11,
        null,
        1,
        null,
        null,
        null,
        null
      ],
      "/Users/raphaelcosta/github/Cenize/braspag-pagador/lib/braspag-pagador/payment/billet.rb": [
        1,
        null,
        1,
        1,
        1,
        2,
        2,
        null,
        2,
        null,
        null,
        null,
        null,
        null,
        null,
        null,
        1,
        1,
        null,
        1,
        1,
        null,
        null,
        7,
        null,
        6,
        null,
        null,
        null,
        null,
        1,
        1,
        null,
        1,
        1,
        1,
        1,
        null,
        1,
        null,
        null,
        null,
        null,
        null,
        null,
        null,
        null,
        null,
        null,
        null,
        1,
        null,
        null,
        1,
        2,
        null,
        null,
        null,
        null,
        2,
        2,
        null,
        1,
        null,
        null,
        null,
        null,
        null,
        null,
        null,
        2,
        2,
        2,
        2,
        null,
        2,
        null,
        null,
        null
      ],
      "/Users/raphaelcosta/github/Cenize/braspag-pagador/lib/braspag-pagador/payment/credit_card.rb": [
        1,
        1,
        1,
        2,
        2,
        2,
        null,
        null,
        1,
        3,
        null,
        3,
        null,
        3,
        null,
        null,
        null,
        null,
        null,
        null,
        1,
        2,
        null,
        2,
        null,
        2,
        null,
        null,
        null,
        null,
        null,
        null,
        1,
        2,
        null,
        2,
        null,
        2,
        null,
        null,
        null,
        null,
        null,
        null,
        1,
        1,
        null,
        1,
        1,
        1,
        null,
        1,
        1,
        112,
        112,
        112,
        null,
        112,
        null,
        112,
        12,
        12,
        null,
        null,
        null,
        null,
        null,
        1,
        3,
        null,
        3,
        null,
        3,
        3,
        3,
        3,
        null,
        null,
        1,
        3,
        null,
        null,
        1,
        2,
        null,
        null,
        1,
        null,
        null,
        null,
        null,
        null,
        null,
        null,
        null,
        null,
        0,
        null,
        null,
        1,
        1,
        null,
        null,
        null,
        null,
        null,
        null,
        null,
        null,
        null,
        null,
        null,
        null,
        1,
        null,
        null,
        1,
        1,
        null,
        null,
        null,
        null,
        null,
        null,
        null,
        null,
        1,
        1,
        1,
        1,
        1,
        1,
        null,
        1,
        null,
        null,
        1,
        null,
        null,
        null,
        1,
        null,
        null,
        1,
        1,
        null,
        null,
        null,
        null,
        null,
        null,
        null,
        null,
        null,
        1,
        1,
        1,
        1,
        null,
        1,
        null,
        null,
        1,
        null,
        null,
        null,
        1,
        null,
        null,
        1,
        1,
        null,
        null,
        null,
        null,
        null,
        null,
        null,
        null,
        null,
        null,
        1,
        1,
        1,
        1,
        null,
        1,
        null,
        null,
        null
      ],
      "/Users/raphaelcosta/github/Cenize/braspag-pagador/lib/braspag-pagador/payment/eft.rb": [
        1,
        1,
        1,
        null,
        4,
        null,
        null,
        null,
        null,
        null,
        null,
        null,
        4,
        null,
        null,
        4,
        4,
        2,
        10,
        null,
        null,
        2,
        2,
        2,
        null,
        null,
        3,
        null,
        3,
        3,
        3,
        null,
        1,
        1,
        null,
        null,
        4,
        null,
        null,
        null,
        null,
        null,
        null,
        1,
        1,
        null,
        1,
        1,
        null,
        null,
        4,
        null,
        2,
        null,
        null,
        null,
        null,
        1,
        null,
        1,
        1,
        null,
        null,
        null,
        null
      ],
      "/Users/raphaelcosta/github/Cenize/braspag-pagador/lib/braspag-pagador/payment/recurrency_credit_card.rb": [
        1,
        1,
        1,
        0,
        null,
        null,
        1,
        null,
        null,
        null,
        1,
        null,
        null,
        null,
        null
      ],
      "/Users/raphaelcosta/github/Cenize/braspag-pagador/spec/core/converter_spec.rb": [
        1,
        null,
        1,
        1,
        1,
        1,
        1,
        1,
        1,
        1,
        1,
        1,
        1,
        null,
        null,
        null,
        1,
        1,
        1,
        1,
        1,
        1,
        1,
        1,
        1,
        1,
        1,
        null,
        null,
        null,
        1,
        1,
        3,
        null,
        null,
        null,
        null,
        null,
        null,
        null,
        null,
        1,
        1,
        1,
        1,
        null,
        1,
        null,
        null,
        1,
        1,
        1,
        null,
        1,
        null,
        null,
        null,
        1,
        1,
        2,
        null,
        1,
        1,
        null,
        1,
        null,
        null,
        null,
        null,
        1,
        1,
        1,
        null,
        null,
        1,
        1,
        null,
        null,
        1,
        1,
        null,
        null,
        1,
        1,
        null,
        null,
        null,
        1,
        1,
        1,
        null,
        null,
        1,
        1,
        null,
        null,
        1,
        1,
        null,
        null,
        1,
        1,
        null,
        null,
        null,
        1,
        1,
        1,
        null,
        null,
        1,
        1,
        null,
        null,
        1,
        1,
        null,
        null,
        1,
        1,
        null,
        null,
        null
      ],
      "/Users/raphaelcosta/github/Cenize/braspag-pagador/spec/core/customer_spec.rb": [
        1,
        null,
        1,
        1,
        5,
        5,
        5,
        5,
        5,
        null,
        null,
        5,
        5,
        5,
        5,
        null,
        null,
        5,
        5,
        5,
        5,
        null,
        null,
        5,
        5,
        5,
        5,
        null,
        null,
        5,
        5,
        5,
        5,
        null,
        null,
        5,
        5,
        5,
        5,
        null,
        null,
        5,
        5,
        5,
        5,
        null,
        null,
        null,
        null
      ],
      "/Users/raphaelcosta/github/Cenize/braspag-pagador/spec/core/order_spec.rb": [
        null,
        1,
        null,
        1,
        7,
        7,
        7,
        null,
        1,
        1,
        1,
        1,
        1,
        null,
        1,
        1,
        1,
        1,
        null,
        null,
        1,
        1,
        1,
        1,
        null,
        1,
        1,
        1,
        1,
        null,
        null,
        1,
        1,
        1,
        null,
        1,
        1,
        1,
        1,
        null,
        null,
        null,
        1,
        1,
        1,
        null,
        1,
        1,
        1,
        1,
        null,
        null,
        1,
        1,
        1,
        1,
        1,
        null,
        1,
        1,
        1,
        1,
        null,
        null,
        1,
        1,
        1,
        1,
        1,
        null,
        1,
        1,
        1,
        1,
        null,
        null,
        null,
        null,
        1,
        10,
        10,
        null,
        1,
        1,
        1,
        1,
        1,
        null,
        null,
        null,
        1,
        1,
        1,
        null,
        null,
        null,
        null,
        null,
        null,
        null,
        null,
        null,
        null,
        null,
        null,
        null,
        null,
        null,
        null,
        null,
        null,
        null,
        1,
        1,
        null,
        null,
        null,
        null,
        null,
        null,
        null,
        null,
        1,
        1,
        null,
        null,
        null,
        null,
        null,
        null,
        null,
        null,
        null,
        null,
        5,
        null,
        1,
        1,
        null,
        null,
        null,
        null,
        null,
        1,
        1,
        null,
        1,
        1,
        1,
        1,
        1,
        1,
        1,
        1,
        1,
        1,
        1,
        null,
        1,
        null,
        null,
        null,
        null,
        null,
        null,
        null,
        null,
        null,
        null,
        null,
        null,
        null,
        null,
        null,
        null,
        1,
        1,
        null,
        1,
        null,
        null,
        null,
        null,
        null,
        null,
        null,
        null,
        null,
        null,
        null,
        null,
        null,
        null,
        null,
        null,
        1,
        1,
        null,
        1,
        null,
        null,
        null,
        null,
        null,
        null,
        null,
        null,
        null,
        null,
        null,
        null,
        null,
        null,
        null,
        null,
        null,
        1,
        1,
        1,
        null,
        null,
        null,
        null,
        null,
        null,
        null,
        null,
        null,
        null,
        null,
        null,
        null,
        null,
        null,
        null,
        null,
        null,
        null,
        null,
        null,
        null,
        1,
        1,
        null,
        null,
        null,
        null,
        null,
        null,
        null,
        null,
        4,
        null,
        1,
        1,
        null,
        null,
        null,
        null,
        null,
        1,
        1,
        null,
        1,
        null,
        1,
        1,
        null,
        1,
        1,
        null,
        1,
        null,
        1,
        1,
        1,
        1,
        1,
        1,
        1,
        null,
        1,
        null,
        null,
        null,
        null,
        null,
        null,
        null,
        null,
        null,
        null,
        null,
        null,
        null,
        null,
        null,
        null,
        null,
        1,
        1,
        null,
        1,
        null,
        null,
        null,
        null,
        null,
        null,
        null,
        null,
        null,
        null,
        null,
        null,
        null,
        null,
        null,
        null,
        null,
        null,
        1,
        1,
        1,
        null,
        null,
        null,
        null,
        null,
        null,
        null,
        null,
        null,
        null,
        null,
        null,
        null,
        null,
        null,
        3,
        null,
        1,
        1,
        null,
        null,
        null,
        null,
        null,
        1,
        1,
        null,
        1,
        1,
        1,
        1,
        1,
        1,
        1,
        1,
        null,
        1,
        null,
        null,
        null,
        null,
        null,
        null,
        null,
        null,
        null,
        null,
        null,
        null,
        1,
        6,
        6,
        6,
        6,
        6,
        null,
        null,
        6,
        6,
        6,
        6,
        null,
        null,
        6,
        6,
        6,
        6,
        null,
        null,
        6,
        36,
        36,
        36,
        36,
        36,
        36,
        null,
        36,
        36,
        36,
        36,
        36,
        null,
        null,
        36,
        36,
        36,
        36,
        36,
        null,
        null,
        null,
        null,
        null,
        null,
        1,
        4,
        4,
        4,
        4,
        4,
        null,
        null,
        4,
        4,
        4,
        4,
        null,
        null,
        4,
        4,
        4,
        4,
        null,
        null,
        4,
        4,
        4,
        4,
        null,
        null,
        4,
        4,
        4,
        4,
        null,
        null,
        4,
        4,
        4,
        4,
        null,
        null,
        null,
        null,
        1,
        3,
        3,
        3,
        3,
        3,
        null,
        null,
        3,
        3,
        3,
        3,
        null,
        null,
        null,
        3,
        3,
        3,
        3,
        null,
        null,
        3,
        3,
        3,
        3,
        null,
        null,
        3,
        3,
        3,
        3,
        null,
        null,
        null,
        3,
        3,
        3,
        3,
        3,
        3,
        null,
        null,
        null,
        null,
        null
      ],
      "/Users/raphaelcosta/github/Cenize/braspag-pagador/spec/core/poster_spec.rb": [
        1,
        1,
        null,
        1,
        7,
        7,
        4,
        7,
        3,
        4,
        2,
        null,
        1,
        1,
        6,
        6,
        null,
        null,
        1,
        3,
        null,
        1,
        1,
        1,
        null,
        null,
        1,
        1,
        1,
        null,
        null,
        null,
        null,
        null,
        1,
        4,
        null,
        1,
        1,
        1,
        null,
        null,
        1,
        1,
        1,
        null,
        null,
        1,
        1,
        1,
        null,
        null,
        null,
        1,
        2,
        null,
        1,
        1,
        1,
        null,
        null,
        null,
        null
      ],
      "/Users/raphaelcosta/github/Cenize/braspag-pagador/spec/crypto/webservice_spec.rb": [
        null,
        1,
        null,
        1,
        null,
        8,
        1,
        7,
        7,
        7,
        7,
        null,
        null,
        8,
        null,
        1,
        5,
        null,
        1,
        1,
        null,
        null,
        1,
        1,
        null,
        1,
        1,
        null,
        null,
        null,
        1,
        1,
        null,
        null,
        null,
        null,
        null,
        null,
        null,
        1,
        1,
        null,
        1,
        1,
        null,
        null,
        null,
        1,
        1,
        null,
        null,
        null,
        null,
        null,
        null,
        1,
        1,
        null,
        1,
        1,
        null,
        null,
        null,
        null,
        1,
        1,
        null,
        null,
        null,
        null,
        null,
        null,
        null,
        null,
        null,
        1,
        1,
        null,
        1,
        1,
        null,
        null,
        null,
        1,
        4,
        1,
        1,
        null,
        null,
        1,
        1,
        null,
        1,
        1,
        null,
        null,
        null,
        null,
        1,
        1,
        null,
        null,
        null,
        null,
        null,
        null,
        1,
        1,
        null,
        1,
        1,
        null,
        null,
        null,
        1,
        1,
        null,
        null,
        null,
        null,
        null,
        null,
        null,
        null,
        null,
        null,
        null,
        null,
        1,
        1,
        null,
        1,
        1,
        null,
        null,
        null
      ],
      "/Users/raphaelcosta/github/Cenize/braspag-pagador/spec/integration/billet_spec.rb": [
        null,
        1,
        null,
        1,
        1,
        0,
        null,
        null,
        null,
        null,
        0,
        null,
        null,
        null,
        null,
        0,
        null,
        null,
        null,
        null,
        null,
        0,
        null,
        null,
        null,
        null,
        null,
        null,
        null,
        0,
        0,
        0,
        0,
        null,
        0,
        null,
        null,
        null
      ],
      "/Users/raphaelcosta/github/Cenize/braspag-pagador/spec/integration/credit_card_spec.rb": [

      ],
      "/Users/raphaelcosta/github/Cenize/braspag-pagador/spec/payment/billet_spec.rb": [
        null,
        1,
        null,
        1,
        3,
        3,
        null,
        1,
        1,
        1,
        null,
        null,
        null,
        null,
        null,
        1,
        null,
        1,
        null,
        1,
        1,
        1,
        1,
        1,
        null,
        null,
        1,
        1,
        null,
        null,
        null,
        null,
        null,
        1,
        null,
        1,
        null,
        1,
        null,
        null,
        null,
        null,
        1,
        1,
        1,
        1,
        1,
        1,
        null,
        null,
        1,
        1,
        1,
        1,
        null,
        null,
        1,
        1,
        1,
        1,
        null,
        null,
        1,
        1,
        1,
        1,
        null,
        null,
        1,
        1,
        1,
        1,
        null,
        null,
        1,
        1,
        1,
        1,
        null,
        null,
        1,
        1,
        1,
        1,
        null,
        null,
        null,
        1,
        4,
        4,
        null,
        1,
        3,
        null,
        null,
        null,
        null,
        null,
        null,
        1,
        3,
        null,
        null,
        null,
        null,
        null,
        null,
        null,
        1,
        3,
        null,
        null,
        null,
        null,
        null,
        null,
        2,
        null,
        1,
        1,
        null,
        null,
        null,
        null,
        null,
        null,
        null,
        null,
        null,
        null,
        null,
        null,
        null,
        null,
        1,
        1,
        null,
        null,
        null,
        null,
        null,
        null,
        null,
        null,
        null,
        null,
        null,
        null,
        null,
        1,
        1,
        null,
        null,
        null,
        null,
        null,
        null,
        null,
        null,
        null,
        null,
        null,
        null,
        null,
        null,
        1,
        1,
        null,
        1,
        1,
        1,
        1,
        null,
        1,
        null,
        null,
        null,
        null,
        null,
        null,
        null,
        null,
        null,
        null,
        1,
        1,
        null,
        1,
        1,
        1,
        1,
        null,
        1,
        null,
        null,
        null,
        null,
        null,
        null,
        null,
        null,
        null,
        null,
        null,
        null
      ],
      "/Users/raphaelcosta/github/Cenize/braspag-pagador/spec/payment/credit_card_spec.rb": [
        1,
        null,
        1,
        10,
        10,
        null,
        1,
        1,
        1,
        1,
        1,
        null,
        null,
        1,
        1,
        1,
        1,
        1,
        null,
        null,
        null,
        1,
        1,
        1,
        null,
        null,
        null,
        null,
        null,
        1,
        null,
        1,
        null,
        1,
        1,
        1,
        1,
        1,
        null,
        null,
        1,
        1,
        null,
        null,
        null,
        null,
        null,
        1,
        null,
        1,
        null,
        1,
        null,
        null,
        1,
        1,
        null,
        null,
        null,
        null,
        null,
        1,
        null,
        1,
        null,
        1,
        null,
        null,
        null,
        1,
        1,
        1,
        null,
        null,
        null,
        null,
        null,
        1,
        null,
        1,
        null,
        1,
        1,
        1,
        1,
        1,
        null,
        null,
        1,
        1,
        null,
        null,
        null,
        null,
        null,
        1,
        null,
        1,
        null,
        1,
        null,
        null,
        null,
        1,
        1,
        1,
        null,
        null,
        null,
        null,
        1,
        null,
        1,
        null,
        1,
        1,
        1,
        1,
        null,
        null,
        1,
        1,
        null,
        null,
        null,
        null,
        1,
        null,
        1,
        null,
        1,
        null,
        null,
        null,
        null,
        1,
        null,
        1,
        3,
        3,
        3,
        3,
        3,
        null,
        null,
        3,
        3,
        3,
        3,
        null,
        null,
        3,
        3,
        3,
        3,
        null,
        null,
        3,
        3,
        3,
        3,
        null,
        null,
        3,
        3,
        3,
        3,
        null,
        null,
        3,
        3,
        3,
        3,
        3,
        3,
        null,
        null,
        3,
        3,
        3,
        3,
        3,
        3,
        null,
        null,
        3,
        3,
        3,
        3,
        3,
        3,
        null,
        null,
        null,
        null,
        1,
        3,
        3,
        3,
        3,
        3,
        null,
        null,
        3,
        3,
        3,
        3,
        null,
        null,
        null,
        null,
        1,
        2,
        2,
        2,
        2,
        2,
        null,
        null,
        null,
        null,
        1,
        6,
        null,
        null,
        1,
        6,
        null,
        null,
        null,
        null,
        null,
        null,
        null,
        null,
        null,
        1,
        2,
        null,
        null,
        null,
        null,
        null,
        null,
        null,
        null,
        1,
        3,
        3,
        null,
        1,
        1,
        null,
        null,
        null,
        null,
        null,
        null,
        null,
        null,
        null,
        null,
        null,
        null,
        null,
        null,
        1,
        1,
        null,
        null,
        null,
        null,
        null,
        null,
        null,
        null,
        null,
        null,
        null,
        null,
        null,
        null,
        1,
        1,
        null,
        1,
        1,
        1,
        1,
        1,
        1,
        null,
        1,
        null,
        null,
        null,
        null,
        null,
        null,
        null,
        null,
        null,
        1,
        3,
        3,
        null,
        1,
        1,
        null,
        null,
        null,
        null,
        null,
        null,
        null,
        null,
        null,
        null,
        null,
        null,
        1,
        1,
        null,
        null,
        null,
        null,
        null,
        1,
        1,
        null,
        1,
        1,
        1,
        1,
        null,
        null,
        1,
        null,
        null,
        null,
        null,
        null,
        null,
        null,
        null,
        null,
        1,
        3,
        3,
        null,
        1,
        1,
        null,
        null,
        null,
        null,
        null,
        null,
        null,
        null,
        null,
        null,
        null,
        null,
        null,
        null,
        1,
        1,
        null,
        null,
        null,
        null,
        null,
        1,
        1,
        null,
        1,
        1,
        1,
        1,
        null,
        1,
        null,
        null,
        null
      ],
      "/Users/raphaelcosta/github/Cenize/braspag-pagador/spec/payment/eft_spec.rb": [
        1,
        null,
        1,
        5,
        5,
        null,
        1,
        4,
        null,
        null,
        1,
        4,
        null,
        null,
        null,
        null,
        null,
        null,
        null,
        1,
        2,
        null,
        null,
        null,
        null,
        1,
        2,
        null,
        null,
        null,
        null,
        1,
        1,
        1,
        1,
        1,
        null,
        null,
        1,
        1,
        1,
        1,
        1,
        null,
        null,
        1,
        1,
        null,
        1,
        null,
        null,
        1,
        1,
        1,
        null,
        1,
        null,
        null,
        null,
        null,
        null,
        1,
        null,
        1,
        1,
        1,
        1,
        1,
        null,
        null,
        1,
        1,
        1,
        1,
        null,
        null,
        null,
        null,
        1,
        2,
        2,
        2,
        2,
        null,
        null,
        null,
        null,
        null
      ],
      "/Users/raphaelcosta/github/Cenize/braspag-pagador/spec/payment/recurrency_credit_card_spec.rb": [
        1,
        null,
        1,
        1,
        1,
        null,
        1,
        null,
        1,
        null,
        1,
        null,
        null,
        1,
        null,
        1,
        3,
        3,
        3,
        3,
        3,
        null,
        null,
        3,
        3,
        3,
        3,
        null,
        null,
        3,
        3,
        3,
        3,
        null,
        null,
        3,
        3,
        3,
        3,
        null,
        null,
        3,
        3,
        3,
        3,
        null,
        null,
        3,
        3,
        3,
        3,
        3,
        3,
        null,
        null,
        3,
        3,
        3,
        3,
        3,
        3,
        null,
        null,
        3,
        3,
        3,
        3,
        3,
        3,
        null,
        null,
        null,
        null,
        1,
        3,
        3,
        3,
        3,
        3,
        null,
        null,
        3,
        3,
        3,
        3,
        null,
        null,
        null,
        null,
        1,
        2,
        2,
        2,
        2,
        2,
        null,
        null,
        null,
        null,
        null
      ]
    },
    "timestamp": 1370466714
  }
}
